6/3/2022 3:34:32 PM	This log contains information about the import schema operation into project 'WKP__Database' on computer 'LAPTOP-FG54G36B' by user 'BrandOne-Tega'.
6/3/2022 3:34:32 PM	Import of database schema has started.
6/3/2022 3:34:36 PM	Gathering database credentials
6/3/2022 3:34:36 PM	Gathering database options
6/3/2022 3:34:36 PM	Gathering users
6/3/2022 3:34:36 PM	Gathering roles
6/3/2022 3:34:36 PM	Gathering application roles
6/3/2022 3:34:36 PM	Gathering role memberships
6/3/2022 3:34:36 PM	Gathering filegroups
6/3/2022 3:34:36 PM	Gathering full-text catalogs
6/3/2022 3:34:36 PM	Gathering assemblies
6/3/2022 3:34:36 PM	Gathering certificates
6/3/2022 3:34:36 PM	Gathering asymmetric keys
6/3/2022 3:34:36 PM	Gathering symmetric keys
6/3/2022 3:34:36 PM	Gathering encrypted symmetric keys
6/3/2022 3:34:36 PM	Gathering schemas
6/3/2022 3:34:36 PM	Gathering XML schema collections
6/3/2022 3:34:36 PM	Gathering user-defined data types
6/3/2022 3:34:36 PM	Gathering user-defined types
6/3/2022 3:34:36 PM	Gathering table types
6/3/2022 3:34:36 PM	Gathering unique keys for table types
6/3/2022 3:34:36 PM	Gathering primary keys for table types
6/3/2022 3:34:36 PM	Gathering indexes for table types
6/3/2022 3:34:36 PM	Gathering check constraints for table types
6/3/2022 3:34:36 PM	Gathering default constraints for table types
6/3/2022 3:34:36 PM	Gathering partition functions
6/3/2022 3:34:36 PM	Gathering partition schemes
6/3/2022 3:34:36 PM	Gathering functions
6/3/2022 3:34:36 PM	Gathering encrypted functions
6/3/2022 3:34:36 PM	Gathering aggregates
6/3/2022 3:34:36 PM	Gathering procedures
6/3/2022 3:34:36 PM	Gathering encrypted procedures
6/3/2022 3:34:36 PM	Gathering tables
6/3/2022 3:34:37 PM	Gathering primary keys
6/3/2022 3:34:37 PM	Gathering unique constraints
6/3/2022 3:34:37 PM	Gathering foreign keys
6/3/2022 3:34:37 PM	Gathering default constraints
6/3/2022 3:34:37 PM	Gathering check constraints
6/3/2022 3:34:37 PM	Gathering views
6/3/2022 3:34:37 PM	Gathering encrypted views
6/3/2022 3:34:37 PM	Gathering indexes
6/3/2022 3:34:37 PM	Gathering statistics
6/3/2022 3:34:37 PM	Gathering full-text index stoplists
6/3/2022 3:34:37 PM	Gathering search property lists
6/3/2022 3:34:37 PM	Gathering search properties
6/3/2022 3:34:37 PM	Gathering full-text indexes
6/3/2022 3:34:37 PM	Gathering column store indexes
6/3/2022 3:34:37 PM	Gathering spatial indexes
6/3/2022 3:34:37 PM	Gathering XML indexes
6/3/2022 3:34:37 PM	Gathering Selective XML indexes
6/3/2022 3:34:37 PM	Gathering encrypted triggers
6/3/2022 3:34:37 PM	Gathering triggers
6/3/2022 3:34:37 PM	Gathering encrypted and clr ddl triggers
6/3/2022 3:34:37 PM	Gathering ddl triggers
6/3/2022 3:34:37 PM	Gathering synonyms
6/3/2022 3:34:37 PM	Gathering defaults
6/3/2022 3:34:37 PM	Gathering data constraint uddt bindings
6/3/2022 3:34:37 PM	Gathering rules
6/3/2022 3:34:37 PM	Gathering data constraint uddt bindings
6/3/2022 3:34:37 PM	Gathering message types
6/3/2022 3:34:37 PM	Gathering queues
6/3/2022 3:34:37 PM	Gathering contracts
6/3/2022 3:34:37 PM	Gathering services
6/3/2022 3:34:37 PM	Gathering event notifications
6/3/2022 3:34:37 PM	Gathering remote service bindings
6/3/2022 3:34:37 PM	Gathering broker priorities
6/3/2022 3:34:37 PM	Gathering signatures
6/3/2022 3:34:37 PM	Gathering data compression options
6/3/2022 3:34:37 PM	Gathering sequence types
6/3/2022 3:34:37 PM	Gathering security policies
6/3/2022 3:34:37 PM	Gather column encryption keys
6/3/2022 3:34:37 PM	Gathering column master keys
6/3/2022 3:34:37 PM	Gathering external data sources
6/3/2022 3:34:37 PM	Gathering external file formats
6/3/2022 3:34:37 PM	Gathering external tables
6/3/2022 3:34:37 PM	Gathering extended properties
6/3/2022 3:34:37 PM	Gathering credentials
6/3/2022 3:34:38 PM	Gathering logins
6/3/2022 3:34:39 PM	Gathering server audits
6/3/2022 3:34:40 PM	Scanning project for duplicate elements
6/3/2022 3:34:40 PM	Finished duplicate element processing
6/3/2022 3:34:42 PM	Finished importing database.
6/3/2022 3:34:43 PM	A summary of the import was saved to the following location: C:\Users\admin\source\repos\Adeola_WorkProgram\WKP__Database\Import Schema Logs\WKP__Database_20220603023432.log
6/3/2022 3:34:43 PM	Click Finish to continue...
