5/26/2022 10:18:53 PM	This log contains information about the import schema operation into project 'WKP_Database' on computer 'LAPTOP-FG54G36B' by user 'BrandOne-Tega'.
5/26/2022 10:19:00 PM	Import of database schema has started.
5/26/2022 10:19:04 PM	Gathering database credentials
5/26/2022 10:19:04 PM	Gathering database options
5/26/2022 10:19:04 PM	Gathering users
5/26/2022 10:19:04 PM	Gathering roles
5/26/2022 10:19:04 PM	Gathering application roles
5/26/2022 10:19:04 PM	Gathering role memberships
5/26/2022 10:19:04 PM	Gathering filegroups
5/26/2022 10:19:04 PM	Gathering full-text catalogs
5/26/2022 10:19:04 PM	Gathering assemblies
5/26/2022 10:19:04 PM	Gathering certificates
5/26/2022 10:19:04 PM	Gathering asymmetric keys
5/26/2022 10:19:04 PM	Gathering symmetric keys
5/26/2022 10:19:04 PM	Gathering encrypted symmetric keys
5/26/2022 10:19:04 PM	Gathering schemas
5/26/2022 10:19:04 PM	Gathering XML schema collections
5/26/2022 10:19:04 PM	Gathering user-defined data types
5/26/2022 10:19:04 PM	Gathering user-defined types
5/26/2022 10:19:04 PM	Gathering table types
5/26/2022 10:19:04 PM	Gathering unique keys for table types
5/26/2022 10:19:04 PM	Gathering primary keys for table types
5/26/2022 10:19:04 PM	Gathering indexes for table types
5/26/2022 10:19:04 PM	Gathering check constraints for table types
5/26/2022 10:19:04 PM	Gathering default constraints for table types
5/26/2022 10:19:04 PM	Gathering partition functions
5/26/2022 10:19:04 PM	Gathering partition schemes
5/26/2022 10:19:04 PM	Gathering functions
5/26/2022 10:19:04 PM	Gathering encrypted functions
5/26/2022 10:19:04 PM	Gathering aggregates
5/26/2022 10:19:04 PM	Gathering procedures
5/26/2022 10:19:04 PM	Gathering encrypted procedures
5/26/2022 10:19:04 PM	Gathering tables
5/26/2022 10:19:05 PM	Gathering primary keys
5/26/2022 10:19:05 PM	Gathering unique constraints
5/26/2022 10:19:05 PM	Gathering foreign keys
5/26/2022 10:19:05 PM	Gathering default constraints
5/26/2022 10:19:05 PM	Gathering check constraints
5/26/2022 10:19:05 PM	Gathering views
5/26/2022 10:19:05 PM	Gathering encrypted views
5/26/2022 10:19:05 PM	Gathering indexes
5/26/2022 10:19:05 PM	Gathering statistics
5/26/2022 10:19:05 PM	Gathering full-text index stoplists
5/26/2022 10:19:05 PM	Gathering search property lists
5/26/2022 10:19:05 PM	Gathering search properties
5/26/2022 10:19:05 PM	Gathering full-text indexes
5/26/2022 10:19:05 PM	Gathering column store indexes
5/26/2022 10:19:05 PM	Gathering spatial indexes
5/26/2022 10:19:05 PM	Gathering XML indexes
5/26/2022 10:19:05 PM	Gathering Selective XML indexes
5/26/2022 10:19:05 PM	Gathering encrypted triggers
5/26/2022 10:19:05 PM	Gathering triggers
5/26/2022 10:19:05 PM	Gathering encrypted and clr ddl triggers
5/26/2022 10:19:05 PM	Gathering ddl triggers
5/26/2022 10:19:05 PM	Gathering synonyms
5/26/2022 10:19:05 PM	Gathering defaults
5/26/2022 10:19:05 PM	Gathering data constraint uddt bindings
5/26/2022 10:19:05 PM	Gathering rules
5/26/2022 10:19:05 PM	Gathering data constraint uddt bindings
5/26/2022 10:19:05 PM	Gathering message types
5/26/2022 10:19:05 PM	Gathering queues
5/26/2022 10:19:05 PM	Gathering contracts
5/26/2022 10:19:05 PM	Gathering services
5/26/2022 10:19:05 PM	Gathering event notifications
5/26/2022 10:19:05 PM	Gathering remote service bindings
5/26/2022 10:19:05 PM	Gathering broker priorities
5/26/2022 10:19:05 PM	Gathering signatures
5/26/2022 10:19:05 PM	Gathering data compression options
5/26/2022 10:19:05 PM	Gathering sequence types
5/26/2022 10:19:05 PM	Gathering security policies
5/26/2022 10:19:05 PM	Gather column encryption keys
5/26/2022 10:19:05 PM	Gathering column master keys
5/26/2022 10:19:05 PM	Gathering external data sources
5/26/2022 10:19:05 PM	Gathering external file formats
5/26/2022 10:19:05 PM	Gathering external tables
5/26/2022 10:19:05 PM	Gathering extended properties
5/26/2022 10:19:05 PM	Gathering credentials
5/26/2022 10:19:05 PM	Gathering logins
5/26/2022 10:19:05 PM	Gathering server audits
5/26/2022 10:19:06 PM	Scanning project for duplicate elements
5/26/2022 10:19:06 PM	Finished duplicate element processing
5/26/2022 10:19:12 PM	Finished importing database.
5/26/2022 10:19:12 PM	A summary of the import was saved to the following location: C:\Users\admin\source\repos\WORK-PROGRAM (MAIN)\WKP_Database\Import Schema Logs\WKP_Database_20220526091853.log
5/26/2022 10:19:12 PM	Click Finish to continue...
