7/13/2022 8:48:29 PM	This log contains information about the import schema operation into project 'WKP_Database' on computer 'LAPTOP-FG54G36B' by user 'BrandOne-Tega'.
7/13/2022 8:48:29 PM	Import of database schema has started.
7/13/2022 8:48:32 PM	Gathering database credentials
7/13/2022 8:48:32 PM	Gathering database options
7/13/2022 8:48:32 PM	Gathering users
7/13/2022 8:48:32 PM	Gathering roles
7/13/2022 8:48:32 PM	Gathering application roles
7/13/2022 8:48:32 PM	Gathering role memberships
7/13/2022 8:48:32 PM	Gathering filegroups
7/13/2022 8:48:32 PM	Gathering full-text catalogs
7/13/2022 8:48:32 PM	Gathering assemblies
7/13/2022 8:48:32 PM	Gathering certificates
7/13/2022 8:48:32 PM	Gathering asymmetric keys
7/13/2022 8:48:32 PM	Gathering symmetric keys
7/13/2022 8:48:32 PM	Gathering encrypted symmetric keys
7/13/2022 8:48:32 PM	Gathering schemas
7/13/2022 8:48:32 PM	Gathering XML schema collections
7/13/2022 8:48:32 PM	Gathering user-defined data types
7/13/2022 8:48:32 PM	Gathering user-defined types
7/13/2022 8:48:32 PM	Gathering table types
7/13/2022 8:48:32 PM	Gathering unique keys for table types
7/13/2022 8:48:32 PM	Gathering primary keys for table types
7/13/2022 8:48:32 PM	Gathering indexes for table types
7/13/2022 8:48:32 PM	Gathering check constraints for table types
7/13/2022 8:48:32 PM	Gathering default constraints for table types
7/13/2022 8:48:32 PM	Gathering partition functions
7/13/2022 8:48:32 PM	Gathering partition schemes
7/13/2022 8:48:32 PM	Gathering functions
7/13/2022 8:48:32 PM	Gathering encrypted functions
7/13/2022 8:48:32 PM	Gathering aggregates
7/13/2022 8:48:32 PM	Gathering procedures
7/13/2022 8:48:32 PM	Gathering encrypted procedures
7/13/2022 8:48:32 PM	Gathering tables
7/13/2022 8:48:33 PM	Gathering primary keys
7/13/2022 8:48:33 PM	Gathering unique constraints
7/13/2022 8:48:33 PM	Gathering foreign keys
7/13/2022 8:48:33 PM	Gathering default constraints
7/13/2022 8:48:33 PM	Gathering check constraints
7/13/2022 8:48:33 PM	Gathering views
7/13/2022 8:48:33 PM	Gathering encrypted views
7/13/2022 8:48:33 PM	Gathering indexes
7/13/2022 8:48:33 PM	Gathering statistics
7/13/2022 8:48:33 PM	Gathering full-text index stoplists
7/13/2022 8:48:33 PM	Gathering search property lists
7/13/2022 8:48:33 PM	Gathering search properties
7/13/2022 8:48:33 PM	Gathering full-text indexes
7/13/2022 8:48:33 PM	Gathering column store indexes
7/13/2022 8:48:33 PM	Gathering spatial indexes
7/13/2022 8:48:33 PM	Gathering XML indexes
7/13/2022 8:48:33 PM	Gathering Selective XML indexes
7/13/2022 8:48:33 PM	Gathering encrypted triggers
7/13/2022 8:48:33 PM	Gathering triggers
7/13/2022 8:48:33 PM	Gathering encrypted and clr ddl triggers
7/13/2022 8:48:33 PM	Gathering ddl triggers
7/13/2022 8:48:33 PM	Gathering synonyms
7/13/2022 8:48:33 PM	Gathering defaults
7/13/2022 8:48:33 PM	Gathering data constraint uddt bindings
7/13/2022 8:48:33 PM	Gathering rules
7/13/2022 8:48:33 PM	Gathering data constraint uddt bindings
7/13/2022 8:48:33 PM	Gathering message types
7/13/2022 8:48:33 PM	Gathering queues
7/13/2022 8:48:33 PM	Gathering contracts
7/13/2022 8:48:33 PM	Gathering services
7/13/2022 8:48:33 PM	Gathering event notifications
7/13/2022 8:48:33 PM	Gathering remote service bindings
7/13/2022 8:48:33 PM	Gathering broker priorities
7/13/2022 8:48:33 PM	Gathering signatures
7/13/2022 8:48:33 PM	Gathering data compression options
7/13/2022 8:48:33 PM	Gathering sequence types
7/13/2022 8:48:33 PM	Gathering security policies
7/13/2022 8:48:33 PM	Gather column encryption keys
7/13/2022 8:48:33 PM	Gathering column master keys
7/13/2022 8:48:33 PM	Gathering external data sources
7/13/2022 8:48:33 PM	Gathering external file formats
7/13/2022 8:48:33 PM	Gathering external tables
7/13/2022 8:48:33 PM	Gathering extended properties
7/13/2022 8:48:34 PM	Gathering credentials
7/13/2022 8:48:34 PM	Gathering logins
7/13/2022 8:48:34 PM	Gathering server audits
7/13/2022 8:48:34 PM	Scanning project for duplicate elements
7/13/2022 8:48:39 PM	Finished duplicate element processing
7/13/2022 8:48:44 PM	Finished importing database.
7/13/2022 8:48:44 PM	A summary of the import was saved to the following location: C:\Users\admin\source\repos\A_WorkProgram\WKP_BackEnd\WKP_Database\Import Schema Logs\WKP_Database_20220713074829.log
7/13/2022 8:48:44 PM	Click Finish to continue...
