1/24/2023 9:58:54 AM	This log contains information about the import schema operation into project 'WKP_Database' on computer 'LAPTOP-FG54G36B' by user 'BrandOne-Tega'.
1/24/2023 9:58:55 AM	Import of database schema has started.
1/24/2023 9:59:09 AM	Gathering logins
1/24/2023 10:00:23 AM	Gathering database credentials
1/24/2023 10:00:23 AM	Gathering database options
1/24/2023 10:00:23 AM	Gathering generic database scoped configuration option
1/24/2023 10:00:23 AM	Gathering users
1/24/2023 10:00:23 AM	Gathering roles
1/24/2023 10:00:23 AM	Gathering application roles
1/24/2023 10:00:23 AM	Gathering role memberships
1/24/2023 10:00:23 AM	Gathering filegroups
1/24/2023 10:00:23 AM	Gathering full-text catalogs
1/24/2023 10:00:23 AM	Gathering assemblies
1/24/2023 10:00:23 AM	Gathering certificates
1/24/2023 10:00:23 AM	Gathering symmetric keys
1/24/2023 10:00:23 AM	Gathering encrypted symmetric keys
1/24/2023 10:00:23 AM	Gathering schemas
1/24/2023 10:00:23 AM	Gathering XML schema collections
1/24/2023 10:00:23 AM	Gathering user-defined data types
1/24/2023 10:00:23 AM	Gathering user-defined types
1/24/2023 10:00:23 AM	Gathering table types
1/24/2023 10:00:23 AM	Gathering unique keys for table types
1/24/2023 10:00:23 AM	Gathering primary keys for table types
1/24/2023 10:00:23 AM	Gathering indexes for table types
1/24/2023 10:00:23 AM	Gathering check constraints for table types
1/24/2023 10:00:23 AM	Gathering default constraints for table types
1/24/2023 10:00:23 AM	Gathering partition functions
1/24/2023 10:00:23 AM	Gathering partition schemes
1/24/2023 10:00:23 AM	Gathering functions
1/24/2023 10:00:23 AM	Gathering encrypted functions
1/24/2023 10:00:23 AM	Gathering aggregates
1/24/2023 10:00:23 AM	Gathering procedures
1/24/2023 10:00:24 AM	Gathering encrypted procedures
1/24/2023 10:00:24 AM	Gathering tables
1/24/2023 10:00:34 AM	Gathering primary keys
1/24/2023 10:00:36 AM	Gathering unique constraints
1/24/2023 10:00:36 AM	Gathering foreign keys
1/24/2023 10:00:36 AM	Gathering default constraints
1/24/2023 10:00:36 AM	Gathering check constraints
1/24/2023 10:00:36 AM	Gathering views
1/24/2023 10:00:40 AM	Gathering encrypted views
1/24/2023 10:00:40 AM	Gathering indexes
1/24/2023 10:00:40 AM	Gathering statistics
1/24/2023 10:00:40 AM	Gathering full-text index stoplists
1/24/2023 10:00:40 AM	Gathering search property lists
1/24/2023 10:00:40 AM	Gathering search properties
1/24/2023 10:00:40 AM	Gathering full-text indexes
1/24/2023 10:00:40 AM	Gathering column store indexes
1/24/2023 10:00:40 AM	Gathering spatial indexes
1/24/2023 10:00:40 AM	Gathering XML indexes
1/24/2023 10:00:40 AM	Gathering Selective XML indexes
1/24/2023 10:00:40 AM	Gathering encrypted triggers
1/24/2023 10:00:40 AM	Gathering triggers
1/24/2023 10:00:40 AM	Gathering encrypted and clr ddl triggers
1/24/2023 10:00:40 AM	Gathering ddl triggers
1/24/2023 10:00:40 AM	Creating edge constraints
1/24/2023 10:00:40 AM	Gathering synonyms
1/24/2023 10:00:40 AM	Gathering defaults
1/24/2023 10:00:40 AM	Gathering data constraint uddt bindings
1/24/2023 10:00:40 AM	Gathering rules
1/24/2023 10:00:40 AM	Gathering data constraint uddt bindings
1/24/2023 10:00:40 AM	Gathering message types
1/24/2023 10:00:40 AM	Gathering queues
1/24/2023 10:00:40 AM	Gathering contracts
1/24/2023 10:00:40 AM	Gathering services
1/24/2023 10:00:40 AM	Gathering event notifications
1/24/2023 10:00:40 AM	Gathering remote service bindings
1/24/2023 10:00:40 AM	Gathering broker priorities
1/24/2023 10:00:40 AM	Gathering signatures
1/24/2023 10:00:40 AM	Gathering data compression options
1/24/2023 10:00:40 AM	Gathering sequence types
1/24/2023 10:00:40 AM	Gathering security policies
1/24/2023 10:00:40 AM	Gather column encryption keys
1/24/2023 10:00:40 AM	Gathering column master keys
1/24/2023 10:00:40 AM	Gathering external data sources
1/24/2023 10:00:40 AM	Gathering external tables
1/24/2023 10:00:40 AM	Gathering extended properties
1/24/2023 10:00:40 AM	Gathering assemblies
1/24/2023 10:00:46 AM	Gathering logins
1/24/2023 10:00:49 AM	Scanning project for duplicate elements
1/24/2023 10:00:50 AM	Finished duplicate element processing
1/24/2023 10:00:51 AM	Finished importing database.
1/24/2023 10:00:51 AM	A summary of the import was saved to the following location: C:\Users\admin\source\repos\B_\WORK-PROGRAM (MAIN)\WKP_Database\Import Schema Logs\WKP_Database_20230124085854.log
1/24/2023 10:00:51 AM	Click Finish to continue...
